# JRE version: OpenJDK Runtime Environment Temurin-21.0.8+9 (21.0.8+9) (build 21.0.8+9-LTS)
# Java VM: OpenJDK 64-Bit Server VM Temurin-21.0.8+9 (21.0.8+9-LTS, mixed mode, sharing, tiered, compressed oops, compressed class ptrs, parallel gc, windows-amd64)
GC Precious Log:
 CardTable entry size: 512
 CPUs: 4 total, 4 available
 Memory: 6009M
 Large Page Support: Disabled
 NUMA Support: Disabled
 Compressed Oops: Enabled (32-bit)
 Alignments: Space 512K, Generation 512K, Heap 2M
 Heap Min Capacity: 100M
 Heap Initial Capacity: 100M
 Heap Max Capacity: 2G
 Pre-touch: Disabled
 Parallel Workers: 4
Heap:
 PSYoungGen      total 4096K, used 1307K [0x00000000d5580000, 0x00000000d6500000, 0x0000000100000000)
  eden space 3584K, 32% used [0x00000000d5580000,0x00000000d56a6da8,0x00000000d5900000)
  from space 512K, 25% used [0x00000000d6480000,0x00000000d64a0000,0x00000000d6500000)
  to   space 512K, 0% used [0x00000000d6400000,0x00000000d6400000,0x00000000d6480000)
 ParOldGen       total 828928K, used 828449K [0x0000000080000000, 0x00000000b2980000, 0x00000000d5580000)
  object space 828928K, 99% used [0x0000000080000000,0x00000000b2908480,0x00000000b2980000)
 Metaspace       used 76560K, committed 78144K, reserved 1179648K
  class space    used 8073K, committed 8768K, reserved 1048576K
GC Heap History (20 events):
Event: 433.605 GC heap before
{Heap before GC invocations=1158 (full 3):
 PSYoungGen      total 10752K, used 10752K [0x00000000d5580000, 0x00000000d8680000, 0x0000000100000000)
  eden space 3584K, 100% used [0x00000000d5580000,0x00000000d5900000,0x00000000d5900000)
  from space 7168K, 100% used [0x00000000d6b80000,0x00000000d7280000,0x00000000d7280000)
  to   space 18944K, 0% used [0x00000000d5900000,0x00000000d5900000,0x00000000d6b80000)
 ParOldGen       total 819200K, used 819122K [0x0000000080000000, 0x00000000b2000000, 0x00000000d5580000)
  object space 819200K, 99% used [0x0000000080000000,0x00000000b1fecaa0,0x00000000b2000000)
 Metaspace       used 75686K, committed 77248K, reserved 1179648K
  class space    used 7982K, committed 8640K, reserved 1048576K
}
Event: 433.621 GC heap after
{Heap after GC invocations=1158 (full 3):
 PSYoungGen      total 5120K, used 1488K [0x00000000d5580000, 0x00000000d6c00000, 0x0000000100000000)
  eden space 3584K, 0% used [0x00000000d5580000,0x00000000d5580000,0x00000000d5900000)
  from space 1536K, 96% used [0x00000000d5900000,0x00000000d5a74010,0x00000000d5a80000)
  to   space 7168K, 0% used [0x00000000d6500000,0x00000000d6500000,0x00000000d6c00000)
 ParOldGen       total 826368K, used 826330K [0x0000000080000000, 0x00000000b2700000, 0x00000000d5580000)
  object space 826368K, 99% used [0x0000000080000000,0x00000000b26f6aa0,0x00000000b2700000)
 Metaspace       used 75686K, committed 77248K, reserved 1179648K
  class space    used 7982K, committed 8640K, reserved 1048576K
}
Event: 435.704 GC heap before
{Heap before GC invocations=1159 (full 3):
 PSYoungGen      total 5120K, used 5072K [0x00000000d5580000, 0x00000000d6c00000, 0x0000000100000000)
  eden space 3584K, 100% used [0x00000000d5580000,0x00000000d5900000,0x00000000d5900000)
  from space 1536K, 96% used [0x00000000d5900000,0x00000000d5a74010,0x00000000d5a80000)
  to   space 7168K, 0% used [0x00000000d6500000,0x00000000d6500000,0x00000000d6c00000)
 ParOldGen       total 826368K, used 826330K [0x0000000080000000, 0x00000000b2700000, 0x00000000d5580000)
  object space 826368K, 99% used [0x0000000080000000,0x00000000b26f6aa0,0x00000000b2700000)
 Metaspace       used 75830K, committed 77504K, reserved 1179648K
  class space    used 7991K, committed 8704K, reserved 1048576K
}
Event: 435.709 GC heap after
{Heap after GC invocations=1159 (full 3):
 PSYoungGen      total 4608K, used 772K [0x00000000d5580000, 0x00000000d6600000, 0x0000000100000000)
  eden space 3584K, 0% used [0x00000000d5580000,0x00000000d5580000,0x00000000d5900000)
  from space 1024K, 75% used [0x00000000d6500000,0x00000000d65c1210,0x00000000d6600000)
  to   space 2048K, 0% used [0x00000000d6200000,0x00000000d6200000,0x00000000d6400000)
 ParOldGen       total 827392K, used 827274K [0x0000000080000000, 0x00000000b2800000, 0x00000000d5580000)
  object space 827392K, 99% used [0x0000000080000000,0x00000000b27e2aa0,0x00000000b2800000)
 Metaspace       used 75830K, committed 77504K, reserved 1179648K
  class space    used 7991K, committed 8704K, reserved 1048576K
}
Event: 436.768 GC heap before
{Heap before GC invocations=1160 (full 3):
 PSYoungGen      total 4608K, used 4356K [0x00000000d5580000, 0x00000000d6600000, 0x0000000100000000)
  eden space 3584K, 100% used [0x00000000d5580000,0x00000000d5900000,0x00000000d5900000)
  from space 1024K, 75% used [0x00000000d6500000,0x00000000d65c1210,0x00000000d6600000)
  to   space 2048K, 0% used [0x00000000d6200000,0x00000000d6200000,0x00000000d6400000)
 ParOldGen       total 827392K, used 827274K [0x0000000080000000, 0x00000000b2800000, 0x00000000d5580000)
  object space 827392K, 99% used [0x0000000080000000,0x00000000b27e2aa0,0x00000000b2800000)
 Metaspace       used 75995K, committed 77632K, reserved 1179648K
  class space    used 8005K, committed 8704K, reserved 1048576K
}
Event: 436.773 GC heap after
{Heap after GC invocations=1160 (full 3):
 PSYoungGen      total 5632K, used 96K [0x00000000d5580000, 0x00000000d6580000, 0x0000000100000000)
  eden space 3584K, 0% used [0x00000000d5580000,0x00000000d5580000,0x00000000d5900000)
  from space 2048K, 4% used [0x00000000d6200000,0x00000000d6218000,0x00000000d6400000)
  to   space 1024K, 0% used [0x00000000d6480000,0x00000000d6480000,0x00000000d6580000)
 ParOldGen       total 827904K, used 827666K [0x0000000080000000, 0x00000000b2880000, 0x00000000d5580000)
  object space 827904K, 99% used [0x0000000080000000,0x00000000b2844aa0,0x00000000b2880000)
 Metaspace       used 75995K, committed 77632K, reserved 1179648K
  class space    used 8005K, committed 8704K, reserved 1048576K
}
Event: 438.659 GC heap before
{Heap before GC invocations=1161 (full 3):
 PSYoungGen      total 5632K, used 3680K [0x00000000d5580000, 0x00000000d6580000, 0x0000000100000000)
  eden space 3584K, 100% used [0x00000000d5580000,0x00000000d5900000,0x00000000d5900000)
  from space 2048K, 4% used [0x00000000d6200000,0x00000000d6218000,0x00000000d6400000)
  to   space 1024K, 0% used [0x00000000d6480000,0x00000000d6480000,0x00000000d6580000)
 ParOldGen       total 827904K, used 827666K [0x0000000080000000, 0x00000000b2880000, 0x00000000d5580000)
  object space 827904K, 99% used [0x0000000080000000,0x00000000b2844aa0,0x00000000b2880000)
 Metaspace       used 76250K, committed 77824K, reserved 1179648K
  class space    used 8049K, committed 8704K, reserved 1048576K
}
Event: 438.664 GC heap after
{Heap after GC invocations=1161 (full 3):
 PSYoungGen      total 4608K, used 787K [0x00000000d5580000, 0x00000000d6580000, 0x0000000100000000)
  eden space 3584K, 0% used [0x00000000d5580000,0x00000000d5580000,0x00000000d5900000)
  from space 1024K, 76% used [0x00000000d6480000,0x00000000d6544d30,0x00000000d6580000)
  to   space 1024K, 0% used [0x00000000d6380000,0x00000000d6380000,0x00000000d6480000)
 ParOldGen       total 827904K, used 827698K [0x0000000080000000, 0x00000000b2880000, 0x00000000d5580000)
  object space 827904K, 99% used [0x0000000080000000,0x00000000b284caa0,0x00000000b2880000)
 Metaspace       used 76250K, committed 77824K, reserved 1179648K
  class space    used 8049K, committed 8704K, reserved 1048576K
}
Event: 438.708 GC heap before
{Heap before GC invocations=1162 (full 3):
 PSYoungGen      total 4608K, used 4371K [0x00000000d5580000, 0x00000000d6580000, 0x0000000100000000)
  eden space 3584K, 100% used [0x00000000d5580000,0x00000000d5900000,0x00000000d5900000)
  from space 1024K, 76% used [0x00000000d6480000,0x00000000d6544d30,0x00000000d6580000)
  to   space 1024K, 0% used [0x00000000d6380000,0x00000000d6380000,0x00000000d6480000)
 ParOldGen       total 827904K, used 827698K [0x0000000080000000, 0x00000000b2880000, 0x00000000d5580000)
  object space 827904K, 99% used [0x0000000080000000,0x00000000b284caa0,0x00000000b2880000)
 Metaspace       used 76268K, committed 77824K, reserved 1179648K
  class space    used 8049K, committed 8704K, reserved 1048576K
}
Event: 438.713 GC heap after
{Heap after GC invocations=1162 (full 3):
 PSYoungGen      total 4608K, used 699K [0x00000000d5580000, 0x00000000d6500000, 0x0000000100000000)
  eden space 3584K, 0% used [0x00000000d5580000,0x00000000d5580000,0x00000000d5900000)
  from space 1024K, 68% used [0x00000000d6380000,0x00000000d642ede0,0x00000000d6480000)
  to   space 512K, 0% used [0x00000000d6480000,0x00000000d6480000,0x00000000d6500000)
 ParOldGen       total 828416K, used 828305K [0x0000000080000000, 0x00000000b2900000, 0x00000000d5580000)
  object space 828416K, 99% used [0x0000000080000000,0x00000000b28e4480,0x00000000b2900000)
 Metaspace       used 76268K, committed 77824K, reserved 1179648K
  class space    used 8049K, committed 8704K, reserved 1048576K
}
Event: 1308.385 GC heap before
{Heap before GC invocations=1163 (full 3):
 PSYoungGen      total 4608K, used 4283K [0x00000000d5580000, 0x00000000d6500000, 0x0000000100000000)
  eden space 3584K, 99% used [0x00000000d5580000,0x00000000d58fffd8,0x00000000d5900000)
  from space 1024K, 68% used [0x00000000d6380000,0x00000000d642ede0,0x00000000d6480000)
  to   space 512K, 0% used [0x00000000d6480000,0x00000000d6480000,0x00000000d6500000)
 ParOldGen       total 828416K, used 828305K [0x0000000080000000, 0x00000000b2900000, 0x00000000d5580000)
  object space 828416K, 99% used [0x0000000080000000,0x00000000b28e4480,0x00000000b2900000)
 Metaspace       used 76530K, committed 78144K, reserved 1179648K
  class space    used 8073K, committed 8768K, reserved 1048576K
}
Event: 1310.448 GC heap after
{Heap after GC invocations=1163 (full 3):
 PSYoungGen      total 4096K, used 128K [0x00000000d5580000, 0x00000000d6500000, 0x0000000100000000)
  eden space 3584K, 0% used [0x00000000d5580000,0x00000000d5580000,0x00000000d5900000)
  from space 512K, 25% used [0x00000000d6480000,0x00000000d64a0000,0x00000000d6500000)
  to   space 512K, 0% used [0x00000000d6400000,0x00000000d6400000,0x00000000d6480000)
 ParOldGen       total 828416K, used 828313K [0x0000000080000000, 0x00000000b2900000, 0x00000000d5580000)
  object space 828416K, 99% used [0x0000000080000000,0x00000000b28e6480,0x00000000b2900000)
 Metaspace       used 76530K, committed 78144K, reserved 1179648K
  class space    used 8073K, committed 8768K, reserved 1048576K
}
Event: 1797.945 GC heap before
{Heap before GC invocations=1164 (full 3):
 PSYoungGen      total 4096K, used 3712K [0x00000000d5580000, 0x00000000d6500000, 0x0000000100000000)
  eden space 3584K, 100% used [0x00000000d5580000,0x00000000d5900000,0x00000000d5900000)
  from space 512K, 25% used [0x00000000d6480000,0x00000000d64a0000,0x00000000d6500000)
  to   space 512K, 0% used [0x00000000d6400000,0x00000000d6400000,0x00000000d6480000)
 ParOldGen       total 828416K, used 828313K [0x0000000080000000, 0x00000000b2900000, 0x00000000d5580000)
  object space 828416K, 99% used [0x0000000080000000,0x00000000b28e6480,0x00000000b2900000)
 Metaspace       used 76538K, committed 78144K, reserved 1179648K
  class space    used 8073K, committed 8768K, reserved 1048576K
}
Event: 1798.481 GC heap after
{Heap after GC invocations=1164 (full 3):
 PSYoungGen      total 4096K, used 64K [0x00000000d5580000, 0x00000000d6500000, 0x0000000100000000)
  eden space 3584K, 0% used [0x00000000d5580000,0x00000000d5580000,0x00000000d5900000)
  from space 512K, 12% used [0x00000000d6400000,0x00000000d6410000,0x00000000d6480000)
  to   space 512K, 0% used [0x00000000d6480000,0x00000000d6480000,0x00000000d6500000)
 ParOldGen       total 828416K, used 828401K [0x0000000080000000, 0x00000000b2900000, 0x00000000d5580000)
  object space 828416K, 99% used [0x0000000080000000,0x00000000b28fc480,0x00000000b2900000)
 Metaspace       used 76538K, committed 78144K, reserved 1179648K
  class space    used 8073K, committed 8768K, reserved 1048576K
}
Event: 1819.754 GC heap before
{Heap before GC invocations=1165 (full 3):
 PSYoungGen      total 4096K, used 3648K [0x00000000d5580000, 0x00000000d6500000, 0x0000000100000000)
  eden space 3584K, 100% used [0x00000000d5580000,0x00000000d5900000,0x00000000d5900000)
  from space 512K, 12% used [0x00000000d6400000,0x00000000d6410000,0x00000000d6480000)
  to   space 512K, 0% used [0x00000000d6480000,0x00000000d6480000,0x00000000d6500000)
 ParOldGen       total 828416K, used 828401K [0x0000000080000000, 0x00000000b2900000, 0x00000000d5580000)
  object space 828416K, 99% used [0x0000000080000000,0x00000000b28fc480,0x00000000b2900000)
 Metaspace       used 76541K, committed 78144K, reserved 1179648K
  class space    used 8073K, committed 8768K, reserved 1048576K
}
Event: 1819.830 GC heap after
{Heap after GC invocations=1165 (full 3):
 PSYoungGen      total 4096K, used 96K [0x00000000d5580000, 0x00000000d6500000, 0x0000000100000000)
  eden space 3584K, 0% used [0x00000000d5580000,0x00000000d5580000,0x00000000d5900000)
  from space 512K, 18% used [0x00000000d6480000,0x00000000d6498000,0x00000000d6500000)
  to   space 512K, 0% used [0x00000000d6400000,0x00000000d6400000,0x00000000d6480000)
 ParOldGen       total 828928K, used 828425K [0x0000000080000000, 0x00000000b2980000, 0x00000000d5580000)
  object space 828928K, 99% used [0x0000000080000000,0x00000000b2902480,0x00000000b2980000)
 Metaspace       used 76541K, committed 78144K, reserved 1179648K
  class space    used 8073K, committed 8768K, reserved 1048576K
}
Event: 1828.130 GC heap before
{Heap before GC invocations=1166 (full 3):
 PSYoungGen      total 4096K, used 3680K [0x00000000d5580000, 0x00000000d6500000, 0x0000000100000000)
  eden space 3584K, 100% used [0x00000000d5580000,0x00000000d5900000,0x00000000d5900000)
  from space 512K, 18% used [0x00000000d6480000,0x00000000d6498000,0x00000000d6500000)
  to   space 512K, 0% used [0x00000000d6400000,0x00000000d6400000,0x00000000d6480000)
 ParOldGen       total 828928K, used 828425K [0x0000000080000000, 0x00000000b2980000, 0x00000000d5580000)
  object space 828928K, 99% used [0x0000000080000000,0x00000000b2902480,0x00000000b2980000)
 Metaspace       used 76545K, committed 78144K, reserved 1179648K
  class space    used 8073K, committed 8768K, reserved 1048576K
}
Event: 1829.093 GC heap after
{Heap after GC invocations=1166 (full 3):
 PSYoungGen      total 4096K, used 128K [0x00000000d5580000, 0x00000000d6500000, 0x0000000100000000)
  eden space 3584K, 0% used [0x00000000d5580000,0x00000000d5580000,0x00000000d5900000)
  from space 512K, 25% used [0x00000000d6400000,0x00000000d6420000,0x00000000d6480000)
  to   space 512K, 0% used [0x00000000d6480000,0x00000000d6480000,0x00000000d6500000)
 ParOldGen       total 828928K, used 828433K [0x0000000080000000, 0x00000000b2980000, 0x00000000d5580000)
  object space 828928K, 99% used [0x0000000080000000,0x00000000b2904480,0x00000000b2980000)
 Metaspace       used 76545K, committed 78144K, reserved 1179648K
  class space    used 8073K, committed 8768K, reserved 1048576K
}
Event: 1851.184 GC heap before
{Heap before GC invocations=1167 (full 3):
 PSYoungGen      total 4096K, used 3712K [0x00000000d5580000, 0x00000000d6500000, 0x0000000100000000)
  eden space 3584K, 100% used [0x00000000d5580000,0x00000000d5900000,0x00000000d5900000)
  from space 512K, 25% used [0x00000000d6400000,0x00000000d6420000,0x00000000d6480000)
  to   space 512K, 0% used [0x00000000d6480000,0x00000000d6480000,0x00000000d6500000)
 ParOldGen       total 828928K, used 828433K [0x0000000080000000, 0x00000000b2980000, 0x00000000d5580000)
  object space 828928K, 99% used [0x0000000080000000,0x00000000b2904480,0x00000000b2980000)
 Metaspace       used 76556K, committed 78144K, reserved 1179648K
  class space    used 8073K, committed 8768K, reserved 1048576K
}
Event: 1852.278 GC heap after
{Heap after GC invocations=1167 (full 3):
 PSYoungGen      total 4096K, used 128K [0x00000000d5580000, 0x00000000d6500000, 0x0000000100000000)
  eden space 3584K, 0% used [0x00000000d5580000,0x00000000d5580000,0x00000000d5900000)
  from space 512K, 25% used [0x00000000d6480000,0x00000000d64a0000,0x00000000d6500000)
  to   space 512K, 0% used [0x00000000d6400000,0x00000000d6400000,0x00000000d6480000)
 ParOldGen       total 828928K, used 828449K [0x0000000080000000, 0x00000000b2980000, 0x00000000d5580000)
  object space 828928K, 99% used [0x0000000080000000,0x00000000b2908480,0x00000000b2980000)
 Metaspace       used 76556K, committed 78144K, reserved 1179648K
  class space    used 8073K, committed 8768K, reserved 1048576K
}

